16:02:20 **** Incremental Build of configuration Debug for project Project ****
make all 
Building file: ../src/sensor_read.c
Invoking: ARTIK GCC C Compiler
arm-none-eabi-gcc  -D__TINYARA__ -I"C:/ARTIK/SDK/A053/v1.7/libsdk/typical/include" -I"C:/ARTIK/SDK/A053/v1.7/libsdk/typical/include/apps" -I"C:/ARTIK/SDK/A053/v1.7/libsdk/typical/framework_include" -I"C:/ARTIK/SDK/A053/v1.7/libsdk/typical/apps_include" -I"C:/ARTIK/SDK/A053/v1.7/libsdk/typical/apps_include/netutils" -I"C:/ARTIK/SDK/A053/v1.7/libsdk/typical/artik-sdk_include" -I"C:/ARTIK/SDK/A053/v1.7/libsdk/typical/artik-sdk_include/base" -I"C:/ARTIK/SDK/A053/v1.7/libsdk/typical/artik-sdk_include/connectivity" -I"C:/ARTIK/SDK/A053/v1.7/libsdk/typical/artik-sdk_include/systemio" -I"C:/ARTIK/SDK/A053/v1.7/libsdk/typical/artik-sdk_include/wifi" -I"C:/ARTIK/SDK/A053/v1.7/libsdk/typical/artik-sdk_include/lwm2m" -I"C:/ARTIK/SDK/A053/v1.7/libsdk/typical/artik-sdk_include/mqtt" -std=gnu99 -O0 -ffunction-sections -fdata-sections -fno-builtin -fno-strict-aliasing -fno-strength-reduce -fomit-frame-pointer -Wstrict-prototypes -Wshadow -Wno-implicit-function-declaration -Wno-unused-function -Wno-unused-but-set-variable -DAPP_STACKSIZE=18432 -DAPP_PRIORITY=100 -mcpu=cortex-r4 -mfpu=vfpv3 -g -MMD -MP -MF"src/sensor_read.d" -MT"src/sensor_read.o" -c -o "src/sensor_read.o" "../src/sensor_read.c"
Finished building: ../src/sensor_read.c
 
Building target: Project
Invoking: ARTIK GCC C Linker
arm-none-eabi-ld  -T"C:/ARTIK/SDK/A053/v1.7/common/scripts/flash.ld" -nostartfiles -nodefaultlibs -L"C:/ARTIK/SDK/A053/v1.7/libsdk/typical/libs" -L"C:/ARTIK/toolchains/gcc-arm-none-eabi/v4.9-2015q3/lib/gcc/arm-none-eabi/4.9.3" -Map="Project.map" --gc-sections -u _printf_float --entry=__start "C:/ARTIK/SDK/A053/v1.7/libsdk/typical/libs/arm_vectortab.o" -o "Project" --start-group  ./src/command.o ./src/distance.o ./src/gpio.o ./src/gps.o ./src/gps_app.o ./src/nav_app.o ./src/navigate.o ./src/sensor_read.o ./src/vt_100.o  ./._main.o ./hello_main.o   -lnet -lframework -lkernel -lboard -lc -lmm -larch -lispdriver -lartik-sdk -lexternal -lapps -lfs -laudio -ldrivers -lgcc --end-group
Finished building target: Project
 
/usr/bin/make --no-print-directory post-build
echo "Next step is to generate .bin file"
Next step is to generate .bin file
 
Invoking: ARTIK GCC Create Flash Image
arm-none-eabi-objcopy -O binary "Project"  "tinyara.bin"
Finished building: tinyara.bin
 
Invoking: ARTIK GCC Create Head Bin
C:/ARTIK/SDK/A053/v1.7/common/tools/s5jchksum.py "tinyara.bin"  "tinyara_head.bin"
Finished building: tinyara_head.bin
 

16:02:22 Build Finished (took 2s.126ms)

